TN:
SF:C:\Users\Mariano\web\spygame\src\ui\App.jsx
FN:5,(anonymous_0)
FN:12,(anonymous_1)
FNF:2
FNH:1
FNDA:8,(anonymous_0)
FNDA:0,(anonymous_1)
DA:6,8
DA:7,8
DA:13,0
LF:3
LH:2
BRDA:8,0,0,0
BRDA:8,0,1,8
BRDA:8,1,0,8
BRDA:8,1,1,0
BRF:4
BRH:2
end_of_record
TN:
SF:C:\Users\Mariano\web\spygame\src\ui\screen.component\container.js
FN:4,(anonymous_0)
FN:12,(anonymous_1)
FN:21,(anonymous_2)
FNF:3
FNH:0
FNDA:0,(anonymous_0)
FNDA:0,(anonymous_1)
FNDA:0,(anonymous_2)
DA:4,8
DA:5,0
DA:6,0
DA:8,0
DA:11,0
DA:13,0
DA:16,0
DA:21,0
LF:8
LH:1
BRDA:6,0,0,0
BRDA:6,0,1,0
BRDA:12,1,0,0
BRDA:12,1,1,0
BRF:4
BRH:0
end_of_record
TN:
SF:C:\Users\Mariano\web\spygame\src\ui\screen.component\index.js
FNF:0
FNH:0
LF:0
LH:0
BRF:0
BRH:0
end_of_record
TN:
SF:C:\Users\Mariano\web\spygame\src\ui\screen.component\index.jsx
FN:1,(anonymous_0)
FNF:1
FNH:0
FNDA:0,(anonymous_0)
DA:1,8
LF:1
LH:1
BRF:0
BRH:0
end_of_record
